 
****************************************
Report : clocks
Design : system_top
Version: K-2015.06
Date   : Fri Sep  2 02:36:15 2022
****************************************

Attributes:
    d - dont_touch_network
    f - fix_hold
    p - propagated_clock
    G - generated_clock
    g - lib_generated_clock

Clock          Period   Waveform            Attrs     Sources
--------------------------------------------------------------------------------
ALU_CLK         20.00   {0 10}              G         {U0_CLK_GATE/GATED_CLK}
REF_CLK         20.00   {0 10}                        {REF_CLK}
UART_RX_CLK   1085.00   {0 542}                       {UART_CLK}
UART_TX_CLK   8680.00   {0 4340}            G         {U0_clock_divider/o_div_clk}
--------------------------------------------------------------------------------

Generated     Master         Generated      Master         Waveform
Clock         Source         Source         Clock          Modification
--------------------------------------------------------------------------------
ALU_CLK       REF_CLK        {U0_CLK_GATE/GATED_CLK}
                                            REF_CLK        divide_by(1)
UART_TX_CLK   UART_CLK       {U0_clock_divider/o_div_clk}
                                            UART_RX_CLK    divide_by(8)
--------------------------------------------------------------------------------
1
