Info:  Net Imp:/WORK/SYS_CTRL_test_1/CLKDIV_EN is undriven.
Info:  Net Imp:/WORK/CTRL_RX_test_1/CLKDIV_EN is undriven.
Info:  Net Imp:/WORK/ALU_DW_div_uns_0/remainder[7] is undriven.
Info:  Net Imp:/WORK/ALU_DW_div_uns_0/remainder[6] is undriven.
Info:  Net Imp:/WORK/ALU_DW_div_uns_0/remainder[5] is undriven.
Info:  Net Imp:/WORK/ALU_DW_div_uns_0/remainder[4] is undriven.
Info:  Net Imp:/WORK/ALU_DW_div_uns_0/remainder[3] is undriven.
Info:  Net Imp:/WORK/ALU_DW_div_uns_0/remainder[2] is undriven.
Info:  Net Imp:/WORK/ALU_DW_div_uns_0/remainder[1] is undriven.
Info:  Net Imp:/WORK/ALU_DW_div_uns_0/remainder[0] is undriven.
Info:  Net Imp:/WORK/ALU_DW_div_uns_0/divide_by_0 is undriven.
Info:  Net Imp:/WORK/ALU_DW01_sub_0/CO is undriven.
Info:  Net Imp:/WORK/ALU_DW01_add_0/CO is undriven.
Info:  Net Imp:/WORK/ALU_DW01_add_1/CO is undriven.
Info:  guide_uniquify 77 (Line: 710)  Cannot find object "U0_ALU/dp_cluster_0/mult_49" in design 'system_top'.
Info:  SVF Operation 77 (Line: 710) - uniquify.  Status: rejected
Info:  guide_uniquify 78 (Line: 714)  Cannot find object "U0_clock_divider/dp_cluster_0/mult_add_23_aco" in design 'system_top'.
Info:  Pre-verification of Ref:/WORK/ALU/div_52 SUCCEEDED.
Info:  Pre-verification of Ref:/WORK/ALU/mult_49 SUCCEEDED.
Info:  Pre-verification of Ref:/WORK/clock_divider/mult_add_23_aco SUCCEEDED.
